Running tests ...
[1A[KRunning 14 tests in 1 runtime ...
[1A[K[1m[32mRunning 14 tests in 1 runtime ... 86% done[0m
[1A[K[1m[32mRunning 14 tests in 1 runtime ... 86% done[0m
[1A[K[1m[32mRunning 14 tests in 1 runtime ... 86% done[0m
[1A[K[1m[32mRunning 14 tests in 1 runtime ... 86% done[0m
[1A[K[1m[32mRunning 14 tests in 1 runtime ... 86% done[0m
[1A[K[1m[32mRunning 14 tests in 1 runtime ... 86% done[0m
[1A[K[1m[32mRunning 14 tests in 1 runtime ... 86% done[0m
[1A[K[1m[32mRunning 14 tests in 1 runtime ... 86% done[0m
[1A[K[1m[32mRunning 14 tests in 1 runtime ... 86% done[0m
[1A[K[1m[32mRunning 14 tests in 1 runtime ... 86% done[0m
[1A[K[1m[32mRunning 14 tests in 1 runtime ... 86% done[0m
[1A[K[1m[32mRunning 14 tests in 1 runtime ... 86% done[0m
[1A[K[1m[32mRunning 14 tests in 1 runtime ... 86% done[0m
[1A[K[1m[32mRunning 14 tests in 1 runtime ... 86% done[0m
[1A[K[1m[32mRunning 14 tests in 1 runtime ... 86% done[0m
[1A[K[1m[32mRunning 14 tests in 1 runtime ... 86% done[0m
[1A[K[1m[32mRunning 14 tests in 1 runtime ... 86% done[0m
[1A[K[1m[32mRunning 14 tests in 1 runtime ... 86% done[0m
[1A[K[1m[32mRunning 14 tests in 1 runtime ... 86% done[0m
[1A[K[1m[32mRunning 14 tests in 1 runtime ... 86% done[0m
[1A[K[1m[32mRunning 14 tests in 1 runtime ... 86% done[0m
[1A[K[1m[32mRunning 14 tests in 1 runtime ... 86% done[0m
[1A[K[1m[32mRunning 14 tests in 1 runtime ... 86% done[0m
[1A[K[1m[32mRunning 14 tests in 1 runtime ... 86% done[0m
[1A[K[1m[32mRunning 14 tests in 1 runtime ... 86% done[0m
[1A[K[1m[32mRunning 14 tests in 1 runtime ... 86% done[0m
[1A[K[1m[32mRunning 14 tests in 1 runtime ... 86% done[0m
[1A[K[1m[32mRunning 14 tests in 1 runtime ... 86% done[0m
[1A[K[1m[32mRunning 14 tests in 1 runtime ... 86% done[0m
[1A[K[1m[32mRunning 14 tests in 1 runtime ... 86% done[0m
[1A[K[1m[32mRunning 14 tests in 1 runtime ... 86% done[0m
[1A[K[1m[32mRunning 14 tests in 1 runtime ... 86% done[0m
[1A[K[1m[32mRunning 14 tests in 1 runtime ... 86% done[0m
[1A[K[1m[32mRunning 14 tests in 1 runtime ... 86% done[0m
[1A[K[1m[32mRunning 14 tests in 1 runtime ... 86% done[0m
[1A[K[1m[32mRunning 14 tests in 1 runtime ... 86% done[0m
[1A[K[1m[32mRunning 14 tests in 1 runtime ... 86% done[0m
[1A[K[1m[32mRunning 14 tests in 1 runtime ... 86% done[0m
[1A[K[1m[32mRunning 14 tests in 1 runtime ... 86% done[0m
[1A[K[1m[32mRunning 14 tests in 1 runtime ... 86% done[0m
[1A[K[1m[32mRunning 14 tests in 1 runtime ... 86% done[0m
[1A[K[1m[32mRunning 14 tests in 1 runtime ... 86% done[0m
[1A[K[1m[32mRunning 14 tests in 1 runtime ... 86% done[0m
[1A[K[1m[32mRunning 14 tests in 1 runtime ... 86% done[0m
[1A[K[1m[32mRunning 14 tests in 1 runtime ... 86% done[0m
[1A[K[1m[32mRunning 14 tests in 1 runtime ... 86% done[0m
[1A[K[1m[32mRunning 14 tests in 1 runtime ... 86% done[0m
[1A[K[1m[32mRunning 14 tests in 1 runtime ... 86% done[0m
[1A[K[1m[32mRunning 14 tests in 1 runtime ... 86% done[0m
[1A[K[1m[32mRunning 14 tests in 1 runtime ... 86% done[0m
[1A[K[1m[32mRunning 14 tests in 1 runtime ... 86% done[0m
[1A[K[1m[32mRunning 14 tests in 1 runtime ... 86% done[0m
[1A[K[1m[32mRunning 14 tests in 1 runtime ... 86% done[0m
[1A[K[1m[32mRunning 14 tests in 1 runtime ... 86% done[0m
[1A[K[1m[32mRunning 14 tests in 1 runtime ... 86% done[0m
[1A[K[1m[32mRunning 14 tests in 1 runtime ... 86% done[0m
[1A[K[1m[32mRunning 14 tests in 1 runtime ... 86% done[0m
[1A[K[1m[32mRunning 14 tests in 1 runtime ... 86% done[0m
[1A[K[1m[32mRunning 14 tests in 1 runtime ... 86% done[0m
[1A[K[1m[32mRunning 14 tests in 1 runtime ... 86% done[0m
[1A[K[1m[32mRunning 14 tests in 1 runtime ... 86% done[0m
[1A[K[1m[32mRunning 14 tests in 1 runtime ... 86% done[0m
[1A[K[1m[32mRunning 14 tests in 1 runtime ... 86% done[0m
[1A[K[1m[32mRunning 14 tests in 1 runtime ... 86% done[0m
[1A[K[1m[32mRunning 14 tests in 1 runtime ... 86% done[0m
[1A[K[1m[32mRunning 14 tests in 1 runtime ... 86% done[0m
[1A[K[1m[32mRunning 14 tests in 1 runtime ... 86% done[0m
[1A[K[1m[32mRunning 14 tests in 1 runtime ... 86% done[0m
[1A[K[1m[32mRunning 14 tests in 1 runtime ... 86% done[0m
[1A[K[1m[32mRunning 14 tests in 1 runtime ... 86% done[0m
[1A[K[1m[32mRunning 14 tests in 1 runtime ... 86% done[0m
[1A[K[1m[32mRunning 14 tests in 1 runtime ... 86% done[0m
[1A[K[1m[32mRunning 14 tests in 1 runtime ... 86% done[0m
[1A[K[1m[32mRunning 14 tests in 1 runtime ... 86% done[0m
[1A[K[1m[32mRunning 14 tests in 1 runtime ... 86% done[0m
[1A[K[1m[32mRunning 14 tests in 1 runtime ... 86% done[0m
[1A[K[1m[32mRunning 14 tests in 1 runtime ... 86% done[0m
[1A[K[1m[32mRunning 14 tests in 1 runtime ... 86% done[0m
[1A[K[1m[32mRunning 14 tests in 1 runtime ... 86% done[0m
[1A[K[1m[32mRunning 14 tests in 1 runtime ... 86% done[0m
[1A[K[1m[32mRunning 14 tests in 1 runtime ... 86% done[0m
[1A[K[1m[32mRunning 14 tests in 1 runtime ... 86% done[0m
[1A[K[1m[32mRunning 14 tests in 1 runtime ... 86% done[0m
[1A[K[1m[32mRunning 14 tests in 1 runtime ... 86% done[0m
[1A[K[1m[32mRunning 14 tests in 1 runtime ... 86% done[0m
[1A[K[1m[32mRunning 14 tests in 1 runtime ... 86% done[0m
[1A[K[1m[32mRunning 14 tests in 1 runtime ... 86% done[0m
[1A[K[1m[32mRunning 14 tests in 1 runtime ... 86% done[0m
[1A[K[1m[32m14 tests, 53 assertions, 1 runtime ... OK[0m
-------------------|-----------|-----------|-----------|-----------|
File               |   % Stmts |% Branches |   % Funcs |   % Lines |
-------------------|-----------|-----------|-----------|-----------|
   lib/            |       100 |       100 |       100 |       100 |
      cli.js       |       100 |       100 |       100 |       100 |
      playlist.js  |       100 |       100 |       100 |       100 |
      roombox.js   |       100 |       100 |       100 |       100 |
   lib/converters/ |       100 |       100 |       100 |       100 |
      abc.js       |       100 |       100 |       100 |       100 |
-------------------|-----------|-----------|-----------|-----------|
All files          |       100 |       100 |       100 |       100 |
-------------------|-----------|-----------|-----------|-----------|


=============================== Coverage summary ===============================
Statements   : 100% ( 88/88 )
Branches     : 100% ( 10/10 )
Functions    : 100% ( 24/24 )
Lines        : 100% ( 88/88 )
================================================================================
